2025-12-26 08:50:07,149 INFO [Thread-1] by.horevich.threadtask.entity.LogisticsBase - Camper VAN_2 unloaded | Camper load: 3 | Base load: 52 / 120
2025-12-26 08:50:07,173 INFO [Thread-1] by.horevich.threadtask.entity.LogisticsBase - Camper VAN_2 unloaded | Camper load: 2 | Base load: 53 / 120
2025-12-26 08:50:07,174 INFO [Thread-1] by.horevich.threadtask.entity.LogisticsBase - Camper VAN_2 unloaded | Camper load: 1 | Base load: 54 / 120
2025-12-26 08:52:06,650 INFO [main] by.horevich.threadtask.reader.BaseTextReaderImpl - Read 3 lines from file textfile/file.txt
2025-12-26 08:52:06,712 INFO [Thread-0] by.horevich.threadtask.entity.LogisticsBase - Camper VAN_1 arrived | Operation: LOADING | Base load: 50 / 120 | Terminal 9270ecf44e3c4bc797545e5bff821f94 is now occupied
2025-12-26 08:52:06,713 INFO [Thread-1] by.horevich.threadtask.entity.LogisticsBase - Camper VAN_2 arrived | Operation: UNLOADING | Base load: 50 / 120 | Terminal 1faaee78a6a74b4abfcf4a1239a61429 is now occupied
2025-12-26 08:52:06,715 INFO [Thread-0] by.horevich.threadtask.entity.LogisticsBase - Camper VAN_1 loaded | Camper load: 30 | Base load: 50 / 120
2025-12-26 08:52:06,716 INFO [Thread-0] by.horevich.threadtask.entity.LogisticsBase - Camper VAN_1 loaded | Camper load: 31 | Base load: 49 / 120
2025-12-26 08:52:06,716 INFO [Thread-0] by.horevich.threadtask.entity.LogisticsBase - Camper VAN_1 loaded | Camper load: 32 | Base load: 48 / 120
2025-12-26 08:52:06,716 INFO [Thread-0] by.horevich.threadtask.entity.LogisticsBase - Camper VAN_1 loaded | Camper load: 33 | Base load: 47 / 120
2025-12-26 08:52:06,716 INFO [Thread-0] by.horevich.threadtask.entity.LogisticsBase - Camper VAN_1 loaded | Camper load: 34 | Base load: 46 / 120
2025-12-26 08:52:06,717 INFO [Thread-1] by.horevich.threadtask.entity.LogisticsBase - Camper VAN_2 unloaded | Camper load: 10 | Base load: 45 / 120
2025-12-26 08:52:06,718 INFO [Thread-1] by.horevich.threadtask.entity.LogisticsBase - Camper VAN_2 unloaded | Camper load: 9 | Base load: 46 / 120
2025-12-26 08:52:06,718 INFO [Thread-1] by.horevich.threadtask.entity.LogisticsBase - Camper VAN_2 unloaded | Camper load: 8 | Base load: 47 / 120
2025-12-26 08:52:06,719 INFO [Thread-1] by.horevich.threadtask.entity.LogisticsBase - Camper VAN_2 unloaded | Camper load: 7 | Base load: 48 / 120
2025-12-26 08:52:06,719 INFO [Thread-1] by.horevich.threadtask.entity.LogisticsBase - Camper VAN_2 unloaded | Camper load: 6 | Base load: 49 / 120
2025-12-26 08:52:06,719 INFO [Thread-1] by.horevich.threadtask.entity.LogisticsBase - Camper VAN_2 unloaded | Camper load: 5 | Base load: 50 / 120
2025-12-26 08:52:06,720 INFO [Thread-1] by.horevich.threadtask.entity.LogisticsBase - Camper VAN_2 unloaded | Camper load: 4 | Base load: 51 / 120
2025-12-26 08:52:06,720 INFO [Thread-1] by.horevich.threadtask.entity.LogisticsBase - Camper VAN_2 unloaded | Camper load: 3 | Base load: 52 / 120
2025-12-26 08:52:06,721 INFO [Thread-1] by.horevich.threadtask.entity.LogisticsBase - Camper VAN_2 unloaded | Camper load: 2 | Base load: 53 / 120
2025-12-26 08:52:06,721 INFO [Thread-1] by.horevich.threadtask.entity.LogisticsBase - Camper VAN_2 unloaded | Camper load: 1 | Base load: 54 / 120
2025-12-26 08:52:43,001 INFO [main] by.horevich.threadtask.reader.BaseTextReaderImpl - Read 3 lines from file textfile/file.txt
2025-12-26 08:52:43,062 INFO [Thread-0] by.horevich.threadtask.entity.LogisticsBase - Camper VAN_1 arrived | Operation: LOADING | Base load: 50 / 120 | Terminal 63a0900580894ea6be9da1b05569928f is now occupied
2025-12-26 08:52:43,063 INFO [Thread-1] by.horevich.threadtask.entity.LogisticsBase - Camper VAN_2 arrived | Operation: UNLOADING | Base load: 50 / 120 | Terminal b49f3caba94d469598c1fe8b7bbacb58 is now occupied
2025-12-26 08:52:43,065 INFO [Thread-0] by.horevich.threadtask.entity.LogisticsBase - Camper VAN_1 loaded | Camper load: 30 | Base load: 50 / 120
2025-12-26 08:52:43,065 INFO [Thread-0] by.horevich.threadtask.entity.LogisticsBase - Camper VAN_1 loaded | Camper load: 31 | Base load: 49 / 120
2025-12-26 08:52:43,066 INFO [Thread-0] by.horevich.threadtask.entity.LogisticsBase - Camper VAN_1 loaded | Camper load: 32 | Base load: 48 / 120
2025-12-26 08:52:43,066 INFO [Thread-0] by.horevich.threadtask.entity.LogisticsBase - Camper VAN_1 loaded | Camper load: 33 | Base load: 47 / 120
2025-12-26 08:52:43,066 INFO [Thread-0] by.horevich.threadtask.entity.LogisticsBase - Camper VAN_1 loaded | Camper load: 34 | Base load: 46 / 120
2025-12-26 08:52:43,067 INFO [Thread-1] by.horevich.threadtask.entity.LogisticsBase - Camper VAN_2 unloaded | Camper load: 10 | Base load: 45 / 120
2025-12-26 08:52:43,067 INFO [Thread-1] by.horevich.threadtask.entity.LogisticsBase - Camper VAN_2 unloaded | Camper load: 9 | Base load: 46 / 120
2025-12-26 08:52:43,067 INFO [Thread-1] by.horevich.threadtask.entity.LogisticsBase - Camper VAN_2 unloaded | Camper load: 8 | Base load: 47 / 120
2025-12-26 08:52:43,067 INFO [Thread-1] by.horevich.threadtask.entity.LogisticsBase - Camper VAN_2 unloaded | Camper load: 7 | Base load: 48 / 120
2025-12-26 08:52:43,067 INFO [Thread-1] by.horevich.threadtask.entity.LogisticsBase - Camper VAN_2 unloaded | Camper load: 6 | Base load: 49 / 120
2025-12-26 08:52:43,068 INFO [Thread-1] by.horevich.threadtask.entity.LogisticsBase - Camper VAN_2 unloaded | Camper load: 5 | Base load: 50 / 120
2025-12-26 08:52:43,068 INFO [Thread-1] by.horevich.threadtask.entity.LogisticsBase - Camper VAN_2 unloaded | Camper load: 4 | Base load: 51 / 120
2025-12-26 08:52:43,068 INFO [Thread-1] by.horevich.threadtask.entity.LogisticsBase - Camper VAN_2 unloaded | Camper load: 3 | Base load: 52 / 120
2025-12-26 08:52:43,068 INFO [Thread-1] by.horevich.threadtask.entity.LogisticsBase - Camper VAN_2 unloaded | Camper load: 2 | Base load: 53 / 120
2025-12-26 08:52:43,068 INFO [Thread-1] by.horevich.threadtask.entity.LogisticsBase - Camper VAN_2 unloaded | Camper load: 1 | Base load: 54 / 120
